<?xml version="1.0" encoding="utf-8"?><testsuites name="pytest tests"><testsuite name="pytest" errors="0" failures="0" skipped="0" tests="19" time="4.919" timestamp="2026-04-17T13:56:27.289939+00:00" hostname="agent-env-1ea123de-911d-4622-ab19-f99143b5ac99"><testcase classname="backend.tests.test_lball_api.TestNewsletter" name="test_subscribe_valid" time="0.197" /><testcase classname="backend.tests.test_lball_api.TestNewsletter" name="test_subscribe_duplicate_returns_already_subscribed" time="0.215" /><testcase classname="backend.tests.test_lball_api.TestNewsletter" name="test_subscribe_invalid_email" time="0.131" /><testcase classname="backend.tests.test_lball_api.TestNewsletter" name="test_subscribe_with_source" time="0.105" /><testcase classname="backend.tests.test_lball_api.TestContact" name="test_submit_contact_valid" time="0.155" /><testcase classname="backend.tests.test_lball_api.TestContact" name="test_submit_contact_invalid_email" time="1.139" /><testcase classname="backend.tests.test_lball_api.TestContact" name="test_submit_contact_missing_name" time="0.104" /><testcase classname="backend.tests.test_lball_api.TestAdminAuth" name="test_login_success" time="0.324" /><testcase classname="backend.tests.test_lball_api.TestAdminAuth" name="test_login_wrong_password" time="0.334" /><testcase classname="backend.tests.test_lball_api.TestAdminAuth" name="test_me_with_token" time="0.454" /><testcase classname="backend.tests.test_lball_api.TestAdminAuth" name="test_me_without_token" time="0.113" /><testcase classname="backend.tests.test_lball_api.TestAdminData" name="test_newsletter_list_with_auth" time="0.128" /><testcase classname="backend.tests.test_lball_api.TestAdminData" name="test_newsletter_list_without_auth" time="0.104" /><testcase classname="backend.tests.test_lball_api.TestAdminData" name="test_contacts_list_with_auth" time="0.158" /><testcase classname="backend.tests.test_lball_api.TestAdminData" name="test_contacts_list_without_auth" time="0.131" /><testcase classname="backend.tests.test_lball_api.TestAdminData" name="test_newsletter_export_csv" time="0.110" /><testcase classname="backend.tests.test_lball_api.TestAdminData" name="test_contacts_export_csv" time="0.105" /><testcase classname="backend.tests.test_lball_api.TestAdminData" name="test_delete_newsletter_entry" time="0.419" /><testcase classname="backend.tests.test_lball_api.TestAdminData" name="test_delete_contact_entry" time="0.343" /></testsuite></testsuites>